[debug] [2023-09-23T09:49:56.148Z] ----------------------------------------------------------------------
[debug] [2023-09-23T09:49:56.151Z] Command:       C:\Program Files\nodejs\node.exe C:\Users\Antino\AppData\Roaming\npm\node_modules\firebase-tools\lib\bin\firebase.js init
[debug] [2023-09-23T09:49:56.151Z] CLI Version:   12.5.4
[debug] [2023-09-23T09:49:56.152Z] Platform:      win32
[debug] [2023-09-23T09:49:56.152Z] Node Version:  v18.15.0
[debug] [2023-09-23T09:49:56.154Z] Time:          Sat Sep 23 2023 15:19:56 GMT+0530 (India Standard Time)
[debug] [2023-09-23T09:49:56.154Z] ----------------------------------------------------------------------
[debug] 
[debug] [2023-09-23T09:49:56.167Z] > command requires scopes: ["email","openid","https://www.googleapis.com/auth/cloudplatformprojects.readonly","https://www.googleapis.com/auth/firebase","https://www.googleapis.com/auth/cloud-platform"]
[debug] [2023-09-23T09:49:56.168Z] > authorizing via signed-in user (sociome89@gmail.com)
[info] 
     ######## #### ########  ######## ########     ###     ######  ########
     ##        ##  ##     ## ##       ##     ##  ##   ##  ##       ##
     ######    ##  ########  ######   ########  #########  ######  ######
     ##        ##  ##    ##  ##       ##     ## ##     ##       ## ##
     ##       #### ##     ## ######## ########  ##     ##  ######  ########

You're about to initialize a Firebase project in this directory:

  C:\Users\Antino\Desktop\reactprojects\socio\socio-me

[info] 
=== Project Setup
[info] 
[info] First, let's associate this project directory with a Firebase project.
[info] You can create multiple project aliases by running firebase use --add, 
[info] but for now we'll just set up a default project.
[info] 
[debug] [2023-09-23T09:50:36.873Z] >>> [apiv2][query] GET https://firebase.googleapis.com/v1beta1/projects pageSize=100
[debug] [2023-09-23T09:50:38.693Z] <<< [apiv2][status] GET https://firebase.googleapis.com/v1beta1/projects 200
[debug] [2023-09-23T09:50:38.694Z] <<< [apiv2][body] GET https://firebase.googleapis.com/v1beta1/projects [omitted]
[info] i  Using project globl-74d93 (Globl) 
[info] 
=== Hosting Setup
[info] 
[info] Your public directory is the folder (relative to your project directory) that
[info] will contain Hosting assets to be uploaded with firebase deploy. If you
[info] have a build process for your assets, use your build's output directory.
[info] 
[debug] [2023-09-23T09:51:09.598Z] >>> [apiv2][query] GET https://www.gstatic.com/firebasejs/releases.json [none]
[debug] [2023-09-23T09:51:09.947Z] <<< [apiv2][status] GET https://www.gstatic.com/firebasejs/releases.json 200
[debug] [2023-09-23T09:51:09.948Z] <<< [apiv2][body] GET https://www.gstatic.com/firebasejs/releases.json {"current":{"version":"10.4.0","browserURL":"https://www.gstatic.com/firebasejs/10.4.0/firebase.js","packageURL":"https://www.gstatic.com/firebasejs/10.4.0/firebase.tgz"},"live":{"version":"10.4","browserURL":"https://www.gstatic.com/firebasejs/live/10.4/firebase.js","packageURL":"https://www.gstatic.com/firebasejs/live/10.4/firebase.tgz"},"components":{"analytics":"https://www.gstatic.com/firebasejs/10.4.0/firebase-analytics.js","app":"https://www.gstatic.com/firebasejs/10.4.0/firebase-app.js","app-check":"https://www.gstatic.com/firebasejs/10.4.0/firebase-app-check.js","auth":"https://www.gstatic.com/firebasejs/10.4.0/firebase-auth.js","auth/cordova":"https://www.gstatic.com/firebasejs/10.4.0/firebase-auth/cordova.js","functions":"https://www.gstatic.com/firebasejs/10.4.0/firebase-functions.js","firestore":"https://www.gstatic.com/firebasejs/10.4.0/firebase-firestore.js","firestore/lite":"https://www.gstatic.com/firebasejs/10.4.0/firebase-firestore/lite.js","installations":"https://www.gstatic.com/firebasejs/10.4.0/firebase-installations.js","storage":"https://www.gstatic.com/firebasejs/10.4.0/firebase-storage.js","performance":"https://www.gstatic.com/firebasejs/10.4.0/firebase-performance.js","remote-config":"https://www.gstatic.com/firebasejs/10.4.0/firebase-remote-config.js","messaging":"https://www.gstatic.com/firebasejs/10.4.0/firebase-messaging.js","messaging/sw":"https://www.gstatic.com/firebasejs/10.4.0/firebase-messaging/sw.js","database":"https://www.gstatic.com/firebasejs/10.4.0/firebase-database.js","firestore.memory":"https://www.gstatic.com/firebasejs/10.4.0/firebase-firestore.memory.js"}}
[info] +  Wrote build/index.html 
[info] 
[info] i  Detected a .git folder at C:\Users\Antino\Desktop\reactprojects\socio\socio-me 
[info] i  Authorizing with GitHub to upload your service account to a GitHub repository's secrets store. 
[info] 
[info] Visit this URL on this device to log in:
[info] https://github.com/login/oauth/authorize?client_id=89cf50f02ac6aaed3484&state=960115609&redirect_uri=http%3A%2F%2Flocalhost%3A9005&scope=read%3Auser%20repo%20public_repo
[info] 
[info] Waiting for authentication...
[debug] [2023-09-23T09:51:43.421Z] >>> [apiv2][query] POST https://github.com/login/oauth/access_token [none]
[debug] [2023-09-23T09:51:43.422Z] >>> [apiv2][body] POST https://github.com/login/oauth/access_token [stream]
[debug] [2023-09-23T09:51:44.103Z] <<< [apiv2][status] POST https://github.com/login/oauth/access_token 200
[debug] [2023-09-23T09:51:44.104Z] <<< [apiv2][body] POST https://github.com/login/oauth/access_token {"access_token":"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","token_type":"bearer","scope":"read:user,repo"}
[debug] [2023-09-23T09:51:44.124Z] >>> [apiv2][query] GET https://api.github.com/user [none]
[debug] [2023-09-23T09:51:44.754Z] <<< [apiv2][status] GET https://api.github.com/user 200
[debug] [2023-09-23T09:51:44.755Z] <<< [apiv2][body] GET https://api.github.com/user {"login":"rishabh-2206","id":127195314,"node_id":"U_kgDOB5TYsg","avatar_url":"https://avatars.githubusercontent.com/u/127195314?v=4","gravatar_id":"","url":"https://api.github.com/users/rishabh-2206","html_url":"https://github.com/rishabh-2206","followers_url":"https://api.github.com/users/rishabh-2206/followers","following_url":"https://api.github.com/users/rishabh-2206/following{/other_user}","gists_url":"https://api.github.com/users/rishabh-2206/gists{/gist_id}","starred_url":"https://api.github.com/users/rishabh-2206/starred{/owner}{/repo}","subscriptions_url":"https://api.github.com/users/rishabh-2206/subscriptions","organizations_url":"https://api.github.com/users/rishabh-2206/orgs","repos_url":"https://api.github.com/users/rishabh-2206/repos","events_url":"https://api.github.com/users/rishabh-2206/events{/privacy}","received_events_url":"https://api.github.com/users/rishabh-2206/received_events","type":"User","site_admin":false,"name":"Rishabh Kumar","company":null,"blog":"","location":null,"email":null,"hireable":null,"bio":null,"twitter_username":null,"public_repos":3,"public_gists":0,"followers":0,"following":0,"created_at":"2023-03-07T09:34:36Z","updated_at":"2023-07-21T05:40:02Z","private_gists":0,"total_private_repos":2,"owned_private_repos":2,"disk_usage":534,"collaborators":0,"two_factor_authentication":false,"plan":{"name":"free","space":976562499,"collaborators":0,"private_repos":10000}}
[info] 
[info] +  Success! Logged into GitHub as rishabh-2206 
[info] 
[debug] [2023-09-23T09:52:54.043Z] >>> [apiv2][query] GET https://api.github.com/repos/social_Media_FE/actions/secrets/public-key type=owner
[debug] [2023-09-23T09:52:54.663Z] <<< [apiv2][status] GET https://api.github.com/repos/social_Media_FE/actions/secrets/public-key 404
[debug] [2023-09-23T09:52:54.664Z] <<< [apiv2][body] GET https://api.github.com/repos/social_Media_FE/actions/secrets/public-key {"message":"Not Found","documentation_url":"https://docs.github.com/rest"}
[info] 
[info] 
[error] !  The provided authorization cannot be used with this repository. If this repository is in an organization, did you remember to grant access? 
[info] 
[info] i  Action required: Visit this URL to ensure access has been granted to the appropriate organization(s) for the Firebase CLI GitHub OAuth App: 
[info] https://github.com/settings/connections/applications/89cf50f02ac6aaed3484
[info] 
[debug] [2023-09-23T09:53:30.301Z] >>> [apiv2][query] GET https://api.github.com/repos/social_Media_FE/actions/secrets/public-key type=owner
[debug] [2023-09-23T09:53:31.239Z] <<< [apiv2][status] GET https://api.github.com/repos/social_Media_FE/actions/secrets/public-key 404
[debug] [2023-09-23T09:53:31.240Z] <<< [apiv2][body] GET https://api.github.com/repos/social_Media_FE/actions/secrets/public-key {"message":"Not Found","documentation_url":"https://docs.github.com/rest"}
[info] 
[info] 
[error] !  The provided authorization cannot be used with this repository. If this repository is in an organization, did you remember to grant access? 
[info] 
[info] i  Action required: Visit this URL to ensure access has been granted to the appropriate organization(s) for the Firebase CLI GitHub OAuth App: 
[info] https://github.com/settings/connections/applications/89cf50f02ac6aaed3484
[info] 
